  AG.cpp
C:\Users\user\source\repos\AimGods\UFT\SDK\BasicHelper.h(350,29): warning C4018: '<': signed/unsigned mismatch
C:\Users\user\source\repos\AimGods\UFT\SDK\BasicHelper.h(378,27): warning C4244: 'initializing': conversion from 'uintptr_t' to 'int32_t', possible loss of data
C:\Users\user\source\repos\AimGods\UFT\SDK\BasicHelper.h(845,24): warning C4099: 'UFT::FStructBaseChain': type name first seen using 'struct' now seen using 'class'
C:\Users\user\source\repos\AimGods\UFT\SDK\BasicHelper.h(843): message : see declaration of 'UFT::FStructBaseChain'
  detours.cpp
  disasm.cpp
  image.cpp
  modules.cpp
  dllmain.cpp
C:\Users\user\source\repos\AimGods\UFT\SDK\BasicHelper.h(350,29): warning C4018: '<': signed/unsigned mismatch
C:\Users\user\source\repos\AimGods\UFT\SDK\BasicHelper.h(378,27): warning C4244: 'initializing': conversion from 'uintptr_t' to 'int32_t', possible loss of data
C:\Users\user\source\repos\AimGods\UFT\SDK\BasicHelper.h(845,24): warning C4099: 'UFT::FStructBaseChain': type name first seen using 'struct' now seen using 'class'
C:\Users\user\source\repos\AimGods\UFT\SDK\BasicHelper.h(843): message : see declaration of 'UFT::FStructBaseChain'
  funcs.cpp
C:\Users\user\source\repos\AimGods\UFT\SDK\BasicHelper.h(350,29): warning C4018: '<': signed/unsigned mismatch
C:\Users\user\source\repos\AimGods\UFT\SDK\BasicHelper.h(378,27): warning C4244: 'initializing': conversion from 'uintptr_t' to 'int32_t', possible loss of data
C:\Users\user\source\repos\AimGods\UFT\SDK\BasicHelper.h(845,24): warning C4099: 'UFT::FStructBaseChain': type name first seen using 'struct' now seen using 'class'
C:\Users\user\source\repos\AimGods\UFT\SDK\BasicHelper.h(843): message : see declaration of 'UFT::FStructBaseChain'
  Keybinds.cpp
C:\Users\user\source\repos\AimGods\UFT\SDK\BasicHelper.h(350,29): warning C4018: '<': signed/unsigned mismatch
C:\Users\user\source\repos\AimGods\UFT\SDK\BasicHelper.h(378,27): warning C4244: 'initializing': conversion from 'uintptr_t' to 'int32_t', possible loss of data
C:\Users\user\source\repos\AimGods\UFT\SDK\BasicHelper.h(845,24): warning C4099: 'UFT::FStructBaseChain': type name first seen using 'struct' now seen using 'class'
C:\Users\user\source\repos\AimGods\UFT\SDK\BasicHelper.h(843): message : see declaration of 'UFT::FStructBaseChain'
  AimGods_functions.cpp
C:\Users\user\source\repos\AimGods\UFT\SDK\BasicHelper.h(350,29): warning C4018: '<': signed/unsigned mismatch
C:\Users\user\source\repos\AimGods\UFT\SDK\BasicHelper.h(378,27): warning C4244: 'initializing': conversion from 'uintptr_t' to 'int32_t', possible loss of data
C:\Users\user\source\repos\AimGods\UFT\SDK\BasicHelper.h(845,24): warning C4099: 'UFT::FStructBaseChain': type name first seen using 'struct' now seen using 'class'
C:\Users\user\source\repos\AimGods\UFT\SDK\BasicHelper.h(843): message : see declaration of 'UFT::FStructBaseChain'
  BasicHelper.cpp
C:\Users\user\source\repos\AimGods\UFT\SDK\BasicHelper.h(350,29): warning C4018: '<': signed/unsigned mismatch
C:\Users\user\source\repos\AimGods\UFT\SDK\BasicHelper.h(378,27): warning C4244: 'initializing': conversion from 'uintptr_t' to 'int32_t', possible loss of data
C:\Users\user\source\repos\AimGods\UFT\SDK\BasicHelper.h(845,24): warning C4099: 'UFT::FStructBaseChain': type name first seen using 'struct' now seen using 'class'
C:\Users\user\source\repos\AimGods\UFT\SDK\BasicHelper.h(843): message : see declaration of 'UFT::FStructBaseChain'
  BP_AGCharacter_functions.cpp
C:\Users\user\source\repos\AimGods\UFT\SDK\BasicHelper.h(350,29): warning C4018: '<': signed/unsigned mismatch
C:\Users\user\source\repos\AimGods\UFT\SDK\BasicHelper.h(378,27): warning C4244: 'initializing': conversion from 'uintptr_t' to 'int32_t', possible loss of data
C:\Users\user\source\repos\AimGods\UFT\SDK\BasicHelper.h(845,24): warning C4099: 'UFT::FStructBaseChain': type name first seen using 'struct' now seen using 'class'
C:\Users\user\source\repos\AimGods\UFT\SDK\BasicHelper.h(843): message : see declaration of 'UFT::FStructBaseChain'
  BP_AGPlayerController_functions.cpp
C:\Users\user\source\repos\AimGods\UFT\SDK\BasicHelper.h(350,29): warning C4018: '<': signed/unsigned mismatch
C:\Users\user\source\repos\AimGods\UFT\SDK\BasicHelper.h(378,27): warning C4244: 'initializing': conversion from 'uintptr_t' to 'int32_t', possible loss of data
C:\Users\user\source\repos\AimGods\UFT\SDK\BasicHelper.h(845,24): warning C4099: 'UFT::FStructBaseChain': type name first seen using 'struct' now seen using 'class'
C:\Users\user\source\repos\AimGods\UFT\SDK\BasicHelper.h(843): message : see declaration of 'UFT::FStructBaseChain'
  CoreUObject_functions.cpp
C:\Users\user\source\repos\AimGods\UFT\SDK\BasicHelper.h(350,29): warning C4018: '<': signed/unsigned mismatch
C:\Users\user\source\repos\AimGods\UFT\SDK\BasicHelper.h(378,27): warning C4244: 'initializing': conversion from 'uintptr_t' to 'int32_t', possible loss of data
C:\Users\user\source\repos\AimGods\UFT\SDK\BasicHelper.h(845,24): warning C4099: 'UFT::FStructBaseChain': type name first seen using 'struct' now seen using 'class'
C:\Users\user\source\repos\AimGods\UFT\SDK\BasicHelper.h(843): message : see declaration of 'UFT::FStructBaseChain'
  Engine_functions.cpp
C:\Users\user\source\repos\AimGods\UFT\SDK\BasicHelper.h(350,29): warning C4018: '<': signed/unsigned mismatch
C:\Users\user\source\repos\AimGods\UFT\SDK\BasicHelper.h(378,27): warning C4244: 'initializing': conversion from 'uintptr_t' to 'int32_t', possible loss of data
C:\Users\user\source\repos\AimGods\UFT\SDK\BasicHelper.h(845,24): warning C4099: 'UFT::FStructBaseChain': type name first seen using 'struct' now seen using 'class'
C:\Users\user\source\repos\AimGods\UFT\SDK\BasicHelper.h(843): message : see declaration of 'UFT::FStructBaseChain'
  Generating code
  64 of 710 functions ( 9.0%) were compiled, the rest were copied from previous compilation.
    63 functions were new in current compilation
    0 functions had inline decision re-evaluated but remain unchanged
  Finished generating code
  AimGods.vcxproj -> C:\Users\user\source\repos\AimGods\x64\Release\AimGods.dll
