c:\users\user\source\repos\aimgods\x64\release\aimgods.ipdb
c:\users\user\source\repos\aimgods\x64\release\aimgods.iobj
c:\users\user\source\repos\aimgods\x64\release\vc142.pdb
c:\users\user\source\repos\aimgods\x64\release\engine_functions.obj
c:\users\user\source\repos\aimgods\x64\release\coreuobject_functions.obj
c:\users\user\source\repos\aimgods\x64\release\bp_agplayercontroller_functions.obj
c:\users\user\source\repos\aimgods\x64\release\basichelper.obj
c:\users\user\source\repos\aimgods\x64\release\aimgods_functions.obj
c:\users\user\source\repos\aimgods\x64\release\keybinds.obj
c:\users\user\source\repos\aimgods\x64\release\dllmain.obj
c:\users\user\source\repos\aimgods\x64\release\ag.obj
c:\users\user\source\repos\aimgods\x64\release\bp_agcharacter_functions.obj
c:\users\user\source\repos\aimgods\x64\release\funcs.obj
c:\users\user\source\repos\aimgods\x64\release\aimgods.dll
c:\users\user\source\repos\aimgods\x64\release\aimgods.pdb
c:\users\user\source\repos\aimgods\x64\release\aimgods.tlog\aimgods.write.1u.tlog
c:\users\user\source\repos\aimgods\x64\release\aimgods.tlog\cl.command.1.tlog
c:\users\user\source\repos\aimgods\x64\release\aimgods.tlog\cl.read.1.tlog
c:\users\user\source\repos\aimgods\x64\release\aimgods.tlog\cl.write.1.tlog
c:\users\user\source\repos\aimgods\x64\release\aimgods.tlog\link.command.1.tlog
c:\users\user\source\repos\aimgods\x64\release\aimgods.tlog\link.read.1.tlog
c:\users\user\source\repos\aimgods\x64\release\aimgods.tlog\link.write.1.tlog
